Using pre-set license
Built from '2021.3/staging' branch; Version is '2021.3.2f1 (d6360bedb9a0) revision 14038539'; Using compiler version '192829333'; Build Type 'Release'
OS: 'Windows 10  (10.0.19044) 64bit CoreSingleLanguage' Language: 'en' Physical Memory: 7934 MB
BatchMode: 1, IsHumanControllingUs: 0, StartBugReporterOnCrash: 0, Is64bit: 1, IsPro: 1

COMMAND LINE ARGUMENTS:
C:\Program Files\Unity\Hub\Editor\2021.3.2f1\Editor\Unity.exe
-adb2
-batchMode
-noUpm
-name
AssetImportWorker1
-projectPath
D:/platform game/Udemy 2D Platformer
-logFile
Logs/AssetImportWorker1.log
-srvPort
52669
Successfully changed project path to: D:/platform game/Udemy 2D Platformer
D:/platform game/Udemy 2D Platformer
[UnityMemory] Configuration Parameters - Can be set up in boot.config
    "memorysetup-bucket-allocator-granularity=16"
    "memorysetup-bucket-allocator-bucket-count=8"
    "memorysetup-bucket-allocator-block-size=33554432"
    "memorysetup-bucket-allocator-block-count=8"
    "memorysetup-main-allocator-block-size=16777216"
    "memorysetup-thread-allocator-block-size=16777216"
    "memorysetup-gfx-main-allocator-block-size=16777216"
    "memorysetup-gfx-thread-allocator-block-size=16777216"
    "memorysetup-cache-allocator-block-size=4194304"
    "memorysetup-typetree-allocator-block-size=2097152"
    "memorysetup-profiler-bucket-allocator-granularity=16"
    "memorysetup-profiler-bucket-allocator-bucket-count=8"
    "memorysetup-profiler-bucket-allocator-block-size=33554432"
    "memorysetup-profiler-bucket-allocator-block-count=8"
    "memorysetup-profiler-allocator-block-size=16777216"
    "memorysetup-profiler-editor-allocator-block-size=1048576"
    "memorysetup-temp-allocator-size-main=16777216"
    "memorysetup-job-temp-allocator-block-size=2097152"
    "memorysetup-job-temp-allocator-block-size-background=1048576"
    "memorysetup-job-temp-allocator-reduction-small-platforms=262144"
    "memorysetup-temp-allocator-size-background-worker=32768"
    "memorysetup-temp-allocator-size-job-worker=262144"
    "memorysetup-temp-allocator-size-preload-manager=33554432"
    "memorysetup-temp-allocator-size-nav-mesh-worker=65536"
    "memorysetup-temp-allocator-size-audio-worker=65536"
    "memorysetup-temp-allocator-size-cloud-worker=32768"
    "memorysetup-temp-allocator-size-gi-baking-worker=262144"
    "memorysetup-temp-allocator-size-gfx=262144"
Refreshing native plugins compatible for Editor in 33.17 ms, found 2 plugins.
Preloading 0 native plugins for Editor in 0.00 ms.
Initialize engine version: 2021.3.2f1 (d6360bedb9a0)
[Subsystems] Discovering subsystems at path C:/Program Files/Unity/Hub/Editor/2021.3.2f1/Editor/Data/Resources/UnitySubsystems
[Subsystems] Discovering subsystems at path D:/platform game/Udemy 2D Platformer/Assets
GfxDevice: creating device client; threaded=0; jobified=0
Direct3D:
    Version:  Direct3D 11.0 [level 11.1]
    Renderer: Intel(R) UHD Graphics (ID=0x8a56)
    Vendor:   Intel
    VRAM:     3967 MB
    Driver:   27.20.100.9664
Initialize mono
Mono path[0] = 'C:/Program Files/Unity/Hub/Editor/2021.3.2f1/Editor/Data/Managed'
Mono path[1] = 'C:/Program Files/Unity/Hub/Editor/2021.3.2f1/Editor/Data/MonoBleedingEdge/lib/mono/unityjit-win32'
Mono config path = 'C:/Program Files/Unity/Hub/Editor/2021.3.2f1/Editor/Data/MonoBleedingEdge/etc'
Using monoOptions --debugger-agent=transport=dt_socket,embedding=1,server=y,suspend=n,address=127.0.0.1:56008
Begin MonoManager ReloadAssembly
Registering precompiled unity dll's ...
Register platform support module: C:/Program Files/Unity/Hub/Editor/2021.3.2f1/Editor/Data/PlaybackEngines/WebGLSupport/UnityEditor.WebGL.Extensions.dll
Register platform support module: C:/Program Files/Unity/Hub/Editor/2021.3.2f1/Editor/Data/PlaybackEngines/WindowsStandaloneSupport/UnityEditor.WindowsStandalone.Extensions.dll
Registered in 0.006905 seconds.
Native extension for WindowsStandalone target not found
Native extension for WebGL target not found
Refreshing native plugins compatible for Editor in 31.48 ms, found 2 plugins.
Preloading 0 native plugins for Editor in 0.00 ms.
Mono: successfully reloaded assembly
- Completed reload, in  0.630 seconds
Domain Reload Profiling:
	ReloadAssembly (631ms)
		BeginReloadAssembly (74ms)
			ExecutionOrderSort (0ms)
			DisableScriptedObjects (0ms)
			BackupInstance (0ms)
			ReleaseScriptingObjects (0ms)
			CreateAndSetChildDomain (1ms)
		EndReloadAssembly (435ms)
			LoadAssemblies (72ms)
			RebuildTransferFunctionScriptingTraits (0ms)
			SetupTypeCache (120ms)
			ReleaseScriptCaches (0ms)
			RebuildScriptCaches (29ms)
			SetupLoadedEditorAssemblies (235ms)
				LogAssemblyErrors (0ms)
				InitializePlatformSupportModulesInManaged (9ms)
				SetLoadedEditorAssemblies (0ms)
				RefreshPlugins (32ms)
				BeforeProcessingInitializeOnLoad (1ms)
				ProcessInitializeOnLoadAttributes (147ms)
				ProcessInitializeOnLoadMethodAttributes (45ms)
				AfterProcessingInitializeOnLoad (0ms)
				EditorAssembliesLoaded (0ms)
			ExecutionOrderSort2 (0ms)
			AwakeInstancesAfterBackupRestoration (0ms)
Platform modules already initialized, skipping
Registering precompiled user dll's ...
Registered in 0.001842 seconds.
Begin MonoManager ReloadAssembly
Native extension for WindowsStandalone target not found
Native extension for WebGL target not found
Refreshing native plugins compatible for Editor in 0.48 ms, found 2 plugins.
Preloading 0 native plugins for Editor in 0.00 ms.
Mono: successfully reloaded assembly
- Completed reload, in  1.016 seconds
Domain Reload Profiling:
	ReloadAssembly (1017ms)
		BeginReloadAssembly (127ms)
			ExecutionOrderSort (0ms)
			DisableScriptedObjects (7ms)
			BackupInstance (0ms)
			ReleaseScriptingObjects (0ms)
			CreateAndSetChildDomain (21ms)
		EndReloadAssembly (764ms)
			LoadAssemblies (74ms)
			RebuildTransferFunctionScriptingTraits (0ms)
			SetupTypeCache (202ms)
			ReleaseScriptCaches (0ms)
			RebuildScriptCaches (59ms)
			SetupLoadedEditorAssemblies (387ms)
				LogAssemblyErrors (0ms)
				InitializePlatformSupportModulesInManaged (7ms)
				SetLoadedEditorAssemblies (1ms)
				RefreshPlugins (1ms)
				BeforeProcessingInitializeOnLoad (60ms)
				ProcessInitializeOnLoadAttributes (274ms)
				ProcessInitializeOnLoadMethodAttributes (38ms)
				AfterProcessingInitializeOnLoad (7ms)
				EditorAssembliesLoaded (0ms)
			ExecutionOrderSort2 (0ms)
			AwakeInstancesAfterBackupRestoration (6ms)
Platform modules already initialized, skipping
========================================================================
Worker process is ready to serve import requests
Launched and connected shader compiler UnityShaderCompiler.exe after 0.04 seconds
Refreshing native plugins compatible for Editor in 0.35 ms, found 2 plugins.
Preloading 0 native plugins for Editor in 0.00 ms.
Unloading 1785 Unused Serialized files (Serialized files now loaded: 0)
Unloading 23 unused Assets / (56.2 KB). Loaded Objects now: 2253.
Memory consumption went from 75.2 MB to 75.2 MB.
Total: 2.901400 ms (FindLiveObjects: 0.155400 ms CreateObjectMapping: 0.055000 ms MarkObjects: 2.614100 ms  DeleteObjects: 0.075500 ms)

AssetImportParameters requested are different than current active one (requested -> active):
  custom:video-decoder-ogg-theora: a1e56fd34408186e4bbccfd4996cb3dc -> 
  custom:container-muxer-webm: aa71ff27fc2769a1b78a27578f13a17b -> 
  custom:container-demuxer-webm: 4f35f7cbe854078d1ac9338744f61a02 -> 
  custom:video-encoder-webm-vp8: eb34c28f22e8b96e1ab97ce403110664 -> 
  custom:video-codec-MediaFoundation-h265: 746d11721c4dcdbdad8f713fa42b33f4 -> 
  custom:audio-encoder-webm-vorbis: bf7c407c2cedff20999df2af8eb42d56 -> 
  custom:framework-win-MediaFoundation: 216162199b28c13a410421893ffa2e32 -> 
  custom:container-demuxer-ogg: 62fdf1f143b41e24485cea50d1cbac27 -> 
  custom:video-decoder-webm-vp8: 9c59270c3fd7afecdb556c50c9e8de78 -> 
  custom:audio-decoder-ogg-vorbis: bf7c407c2cedff20999df2af8eb42d56 -> 
========================================================================
Received Import Request.
  Time since last request: 1380489.927213 seconds.
  path: Assets/Tiles/sunnyland_tiles_relaid_Padded_1.asset
  artifactKey: Guid(34a4ae9d147680841b9e9c05448320a0) Importer(815301076,1909f56bfc062723c751e8b465ee728b)
Start importing Assets/Tiles/sunnyland_tiles_relaid_Padded_1.asset using Guid(34a4ae9d147680841b9e9c05448320a0) Importer(815301076,1909f56bfc062723c751e8b465ee728b)  -> (artifact id: 'd04d7f1c869e93b7d415c17690956b1b') in 0.102128 seconds 
========================================================================
Received Import Request.
  Time since last request: 0.000053 seconds.
  path: Assets/Tiles/sunnyland_tiles_relaid_Padded_12.asset
  artifactKey: Guid(2af21af2a2a1fc341ac4ed90e13da409) Importer(815301076,1909f56bfc062723c751e8b465ee728b)
Start importing Assets/Tiles/sunnyland_tiles_relaid_Padded_12.asset using Guid(2af21af2a2a1fc341ac4ed90e13da409) Importer(815301076,1909f56bfc062723c751e8b465ee728b)  -> (artifact id: '04be3ff64ad5e652fcfff868a5bc4616') in 0.017328 seconds 
========================================================================
Received Import Request.
  Time since last request: 0.000047 seconds.
  path: Assets/Tiles/sunnyland_tiles_relaid_Padded_7.asset
  artifactKey: Guid(b718301b4a792f248b767c1d0b376918) Importer(815301076,1909f56bfc062723c751e8b465ee728b)
Start importing Assets/Tiles/sunnyland_tiles_relaid_Padded_7.asset using Guid(b718301b4a792f248b767c1d0b376918) Importer(815301076,1909f56bfc062723c751e8b465ee728b)  -> (artifact id: 'ec6fdbc893daeeec48b2179290a1df56') in 0.017282 seconds 
========================================================================
Received Import Request.
  Time since last request: 0.000082 seconds.
  path: Assets/Tiles/sunnyland_tiles_relaid_Padded_21.asset
  artifactKey: Guid(039153e2246b50b4ab7a7bedef7311d0) Importer(815301076,1909f56bfc062723c751e8b465ee728b)
Start importing Assets/Tiles/sunnyland_tiles_relaid_Padded_21.asset using Guid(039153e2246b50b4ab7a7bedef7311d0) Importer(815301076,1909f56bfc062723c751e8b465ee728b)  -> (artifact id: 'edb930fd8804b2ea33d54f4f627af7a6') in 0.015956 seconds 
========================================================================
Received Import Request.
  Time since last request: 0.000050 seconds.
  path: Assets/Tiles/sunnyland_tiles_relaid_Padded_19.asset
  artifactKey: Guid(c183b54c12343fa4885699d3b6fd6780) Importer(815301076,1909f56bfc062723c751e8b465ee728b)
Start importing Assets/Tiles/sunnyland_tiles_relaid_Padded_19.asset using Guid(c183b54c12343fa4885699d3b6fd6780) Importer(815301076,1909f56bfc062723c751e8b465ee728b)  -> (artifact id: '3a125482b49199a1154329d13361f6ff') in 0.023024 seconds 
========================================================================
Received Import Request.
  Time since last request: 0.000031 seconds.
  path: Assets/Tiles/sunnyland_tiles_relaid_Padded_17.asset
  artifactKey: Guid(e968d6330b3addb4cb2dc3d116e0b4b7) Importer(815301076,1909f56bfc062723c751e8b465ee728b)
Start importing Assets/Tiles/sunnyland_tiles_relaid_Padded_17.asset using Guid(e968d6330b3addb4cb2dc3d116e0b4b7) Importer(815301076,1909f56bfc062723c751e8b465ee728b)  -> (artifact id: '9f9eed2439a9a3daad31a9b93289e4c9') in 0.021763 seconds 
========================================================================
Received Import Request.
  Time since last request: 0.000027 seconds.
  path: Assets/Tiles/sunnyland_tiles_relaid_Padded_5.asset
  artifactKey: Guid(01e58eaa16a1b334292584f6060437c3) Importer(815301076,1909f56bfc062723c751e8b465ee728b)
Start importing Assets/Tiles/sunnyland_tiles_relaid_Padded_5.asset using Guid(01e58eaa16a1b334292584f6060437c3) Importer(815301076,1909f56bfc062723c751e8b465ee728b)  -> (artifact id: '5f9cb1af06740cd78b2e19334a5a4a57') in 0.021715 seconds 
========================================================================
Received Import Request.
  Time since last request: 0.000035 seconds.
  path: Assets/Tiles/sunnyland_tiles_relaid_Padded_18.asset
  artifactKey: Guid(bc2c8dbdf43e310478911645a17d71f8) Importer(815301076,1909f56bfc062723c751e8b465ee728b)
Start importing Assets/Tiles/sunnyland_tiles_relaid_Padded_18.asset using Guid(bc2c8dbdf43e310478911645a17d71f8) Importer(815301076,1909f56bfc062723c751e8b465ee728b)  -> (artifact id: '193dfe46365d76e1d7d422651a7a459a') in 0.020121 seconds 
========================================================================
Received Import Request.
  Time since last request: 0.000034 seconds.
  path: Assets/Tiles/sunnyland_tiles_relaid_Padded_3.asset
  artifactKey: Guid(9efa4bab91e4831419186a3a3fd039ff) Importer(815301076,1909f56bfc062723c751e8b465ee728b)
Start importing Assets/Tiles/sunnyland_tiles_relaid_Padded_3.asset using Guid(9efa4bab91e4831419186a3a3fd039ff) Importer(815301076,1909f56bfc062723c751e8b465ee728b)  -> (artifact id: 'cc91ea41b36ca65e4bce265674ad52ce') in 0.021307 seconds 
========================================================================
Received Import Request.
  Time since last request: 0.000030 seconds.
  path: Assets/Tiles/sunnyland_tiles_relaid_Padded_22.asset
  artifactKey: Guid(2ad66c779db01d44098a505774ec91c8) Importer(815301076,1909f56bfc062723c751e8b465ee728b)
Start importing Assets/Tiles/sunnyland_tiles_relaid_Padded_22.asset using Guid(2ad66c779db01d44098a505774ec91c8) Importer(815301076,1909f56bfc062723c751e8b465ee728b)  -> (artifact id: '138523fa72bad06709be4e7bc3d394f6') in 0.023594 seconds 
========================================================================
Received Import Request.
  Time since last request: 2.913801 seconds.
  path: Assets/Tiles/sunnyland_tiles_relaid_Padded_24.asset
  artifactKey: Guid(8f75e23b9faab6d4182adc87d586041e) Importer(815301076,1909f56bfc062723c751e8b465ee728b)
Start importing Assets/Tiles/sunnyland_tiles_relaid_Padded_24.asset using Guid(8f75e23b9faab6d4182adc87d586041e) Importer(815301076,1909f56bfc062723c751e8b465ee728b)  -> (artifact id: 'bd3cf7f54295772d64739bec821cea4c') in 0.023538 seconds 
========================================================================
Received Import Request.
  Time since last request: 0.000025 seconds.
  path: Assets/Tiles/sunnyland_tiles_relaid_Padded_26.asset
  artifactKey: Guid(831b000142d4d8849adf5bf633d2ec2f) Importer(815301076,1909f56bfc062723c751e8b465ee728b)
Start importing Assets/Tiles/sunnyland_tiles_relaid_Padded_26.asset using Guid(831b000142d4d8849adf5bf633d2ec2f) Importer(815301076,1909f56bfc062723c751e8b465ee728b)  -> (artifact id: 'a01032b215f8f418d194374753448b7b') in 0.017494 seconds 
========================================================================
Received Import Request.
  Time since last request: 0.252711 seconds.
  path: Assets/Tiles/sunnyland_tiles_relaid_Padded_28.asset
  artifactKey: Guid(cefc8bdc403203643a14f959ce676758) Importer(815301076,1909f56bfc062723c751e8b465ee728b)
Start importing Assets/Tiles/sunnyland_tiles_relaid_Padded_28.asset using Guid(cefc8bdc403203643a14f959ce676758) Importer(815301076,1909f56bfc062723c751e8b465ee728b)  -> (artifact id: '5c8f3346377d084ef0061f0c38c6273e') in 0.013716 seconds 
========================================================================
Received Import Request.
  Time since last request: 0.010538 seconds.
  path: Assets/Tiles/sunnyland_tiles_relaid_Padded_30.asset
  artifactKey: Guid(d5205674a7f35e34bbb2edebdf279bc8) Importer(815301076,1909f56bfc062723c751e8b465ee728b)
Start importing Assets/Tiles/sunnyland_tiles_relaid_Padded_30.asset using Guid(d5205674a7f35e34bbb2edebdf279bc8) Importer(815301076,1909f56bfc062723c751e8b465ee728b)  -> (artifact id: 'dd4e5d47e6b9530eea640f5fcdebe493') in 0.020758 seconds 
========================================================================
Received Import Request.
  Time since last request: 0.017200 seconds.
  path: Assets/Tiles/sunnyland_tiles_relaid_Padded_32.asset
  artifactKey: Guid(6587c8191f3ae6f40abbaa534db32266) Importer(815301076,1909f56bfc062723c751e8b465ee728b)
Start importing Assets/Tiles/sunnyland_tiles_relaid_Padded_32.asset using Guid(6587c8191f3ae6f40abbaa534db32266) Importer(815301076,1909f56bfc062723c751e8b465ee728b)  -> (artifact id: '211dc86257f30db3517649d1f0f16b10') in 0.019379 seconds 
========================================================================
Received Import Request.
  Time since last request: 0.018717 seconds.
  path: Assets/Tiles/sunnyland_tiles_relaid_Padded_34.asset
  artifactKey: Guid(8cb293ad22d0b5845b56b2d78151506f) Importer(815301076,1909f56bfc062723c751e8b465ee728b)
Start importing Assets/Tiles/sunnyland_tiles_relaid_Padded_34.asset using Guid(8cb293ad22d0b5845b56b2d78151506f) Importer(815301076,1909f56bfc062723c751e8b465ee728b)  -> (artifact id: 'd9d298e168bdc803ccd0527c987e7c2e') in 0.021271 seconds 
========================================================================
Received Import Request.
  Time since last request: 0.215309 seconds.
  path: Assets/Tiles/sunnyland_tiles_relaid_Padded_36.asset
  artifactKey: Guid(7f0ca33d2b74bf841b499b1860e4d902) Importer(815301076,1909f56bfc062723c751e8b465ee728b)
Start importing Assets/Tiles/sunnyland_tiles_relaid_Padded_36.asset using Guid(7f0ca33d2b74bf841b499b1860e4d902) Importer(815301076,1909f56bfc062723c751e8b465ee728b)  -> (artifact id: 'dfb4d307365ebc96531031ffbe6cf789') in 0.024133 seconds 
========================================================================
Received Import Request.
  Time since last request: 0.039029 seconds.
  path: Assets/Tiles/sunnyland_tiles_relaid_Padded_38.asset
  artifactKey: Guid(4348c60f45fe7ff4eb08702f9acbeb16) Importer(815301076,1909f56bfc062723c751e8b465ee728b)
Start importing Assets/Tiles/sunnyland_tiles_relaid_Padded_38.asset using Guid(4348c60f45fe7ff4eb08702f9acbeb16) Importer(815301076,1909f56bfc062723c751e8b465ee728b)  -> (artifact id: '233c2e4cfc0086fd05aaa709e2ffb923') in 0.016616 seconds 
========================================================================
Received Import Request.
  Time since last request: 0.016331 seconds.
  path: Assets/Tiles/sunnyland_tiles_relaid_Padded_40.asset
  artifactKey: Guid(969cd407ef14c5c47bde24d247e8c3e5) Importer(815301076,1909f56bfc062723c751e8b465ee728b)
Start importing Assets/Tiles/sunnyland_tiles_relaid_Padded_40.asset using Guid(969cd407ef14c5c47bde24d247e8c3e5) Importer(815301076,1909f56bfc062723c751e8b465ee728b)  -> (artifact id: '2988c5877d4f02cabaf380177fa40aae') in 0.015368 seconds 
========================================================================
Received Import Request.
  Time since last request: 0.233986 seconds.
  path: Assets/Tiles/sunnyland_tiles_relaid_Padded_42.asset
  artifactKey: Guid(7266c1ce01f17764496870dc27eb3223) Importer(815301076,1909f56bfc062723c751e8b465ee728b)
Start importing Assets/Tiles/sunnyland_tiles_relaid_Padded_42.asset using Guid(7266c1ce01f17764496870dc27eb3223) Importer(815301076,1909f56bfc062723c751e8b465ee728b)  -> (artifact id: '8f333c40ddf6fe3ab60fea0b8f7932d0') in 0.022485 seconds 
========================================================================
Received Import Request.
  Time since last request: 0.000020 seconds.
  path: Assets/Tiles/sunnyland_tiles_relaid_Padded_43.asset
  artifactKey: Guid(3c14efdbfa313b14db62b0c53daedcba) Importer(815301076,1909f56bfc062723c751e8b465ee728b)
Start importing Assets/Tiles/sunnyland_tiles_relaid_Padded_43.asset using Guid(3c14efdbfa313b14db62b0c53daedcba) Importer(815301076,1909f56bfc062723c751e8b465ee728b)  -> (artifact id: 'bc7b29977521a6849e38ca2137714e22') in 0.021417 seconds 
========================================================================
Received Import Request.
  Time since last request: 0.023357 seconds.
  path: Assets/Tiles/sunnyland_tiles_relaid_Padded_46.asset
  artifactKey: Guid(a726327643efbae4b8ec1b941fb40054) Importer(815301076,1909f56bfc062723c751e8b465ee728b)
Start importing Assets/Tiles/sunnyland_tiles_relaid_Padded_46.asset using Guid(a726327643efbae4b8ec1b941fb40054) Importer(815301076,1909f56bfc062723c751e8b465ee728b)  -> (artifact id: 'f4496543c96169188cc62caecf93d526') in 0.016640 seconds 
========================================================================
Received Import Request.
  Time since last request: 1.739440 seconds.
  path: Assets/Tiles/sunnyland_tiles_relaid_Padded_48.asset
  artifactKey: Guid(4d4154d7920764948832ad86165b6d98) Importer(815301076,1909f56bfc062723c751e8b465ee728b)
Start importing Assets/Tiles/sunnyland_tiles_relaid_Padded_48.asset using Guid(4d4154d7920764948832ad86165b6d98) Importer(815301076,1909f56bfc062723c751e8b465ee728b)  -> (artifact id: '0332787b78f9f8c9f10570a3f68c17a9') in 0.012464 seconds 
========================================================================
Received Import Request.
  Time since last request: 0.010469 seconds.
  path: Assets/Tiles/sunnyland_tiles_relaid_Padded_50.asset
  artifactKey: Guid(e4129a3f5385d5e4aa0981e5fa4724f6) Importer(815301076,1909f56bfc062723c751e8b465ee728b)
Start importing Assets/Tiles/sunnyland_tiles_relaid_Padded_50.asset using Guid(e4129a3f5385d5e4aa0981e5fa4724f6) Importer(815301076,1909f56bfc062723c751e8b465ee728b)  -> (artifact id: '061d90f24a8b1fc1bd61979ebd139459') in 0.016693 seconds 
========================================================================
Received Import Request.
  Time since last request: 0.034705 seconds.
  path: Assets/Tiles/sunnyland_tiles_relaid_Padded_52.asset
  artifactKey: Guid(eaec57f072a890b448ee7fe6842ecc00) Importer(815301076,1909f56bfc062723c751e8b465ee728b)
Start importing Assets/Tiles/sunnyland_tiles_relaid_Padded_52.asset using Guid(eaec57f072a890b448ee7fe6842ecc00) Importer(815301076,1909f56bfc062723c751e8b465ee728b)  -> (artifact id: '77a2ca876386e57b53315ad186d3a9d6') in 0.018037 seconds 
========================================================================
Received Import Request.
  Time since last request: 0.002047 seconds.
  path: Assets/Tiles/sunnyland_tiles_relaid_Padded_54.asset
  artifactKey: Guid(a7cb55b8fe323ed429b784f1e4c577f5) Importer(815301076,1909f56bfc062723c751e8b465ee728b)
Start importing Assets/Tiles/sunnyland_tiles_relaid_Padded_54.asset using Guid(a7cb55b8fe323ed429b784f1e4c577f5) Importer(815301076,1909f56bfc062723c751e8b465ee728b)  -> (artifact id: 'a593b2c2a11675714f4d169f9156fd29') in 0.018856 seconds 
========================================================================
Received Import Request.
  Time since last request: 3.803703 seconds.
  path: Assets/Tiles/sunnyland_tiles_relaid_Padded_56.asset
  artifactKey: Guid(5980ab0c5eed25940b500f3a886dd7d2) Importer(815301076,1909f56bfc062723c751e8b465ee728b)
Start importing Assets/Tiles/sunnyland_tiles_relaid_Padded_56.asset using Guid(5980ab0c5eed25940b500f3a886dd7d2) Importer(815301076,1909f56bfc062723c751e8b465ee728b)  -> (artifact id: 'f145a64d41d4ff9ff1f644a897a0bcb7') in 0.021932 seconds 
========================================================================
Received Import Request.
  Time since last request: 1.763766 seconds.
  path: Assets/Tiles/sunnyland_tiles_relaid_Padded_58.asset
  artifactKey: Guid(1cd86f0f76e2d5e439539efc13db6ad7) Importer(815301076,1909f56bfc062723c751e8b465ee728b)
Start importing Assets/Tiles/sunnyland_tiles_relaid_Padded_58.asset using Guid(1cd86f0f76e2d5e439539efc13db6ad7) Importer(815301076,1909f56bfc062723c751e8b465ee728b)  -> (artifact id: '7184d1acf1c6e373ba4a2dac74feea28') in 0.024018 seconds 
========================================================================
Received Import Request.
  Time since last request: 0.010013 seconds.
  path: Assets/Tiles/sunnyland_tiles_relaid_Padded_60.asset
  artifactKey: Guid(25a3f875b956b854f81eb4ff3ad55f74) Importer(815301076,1909f56bfc062723c751e8b465ee728b)
Start importing Assets/Tiles/sunnyland_tiles_relaid_Padded_60.asset using Guid(25a3f875b956b854f81eb4ff3ad55f74) Importer(815301076,1909f56bfc062723c751e8b465ee728b)  -> (artifact id: '57453a286b1ec9fbe0be9e4f7716012a') in 0.019975 seconds 
========================================================================
Received Import Request.
  Time since last request: 1.661561 seconds.
  path: Assets/Tiles/sunnyland_tiles_relaid_Padded_62.asset
  artifactKey: Guid(b485f19944038c746ac27cd5576d0e2b) Importer(815301076,1909f56bfc062723c751e8b465ee728b)
Start importing Assets/Tiles/sunnyland_tiles_relaid_Padded_62.asset using Guid(b485f19944038c746ac27cd5576d0e2b) Importer(815301076,1909f56bfc062723c751e8b465ee728b)  -> (artifact id: 'e7e88acdf1196eade4420bccd263633b') in 0.024703 seconds 
========================================================================
Received Import Request.
  Time since last request: 0.004501 seconds.
  path: Assets/Tiles/sunnyland_tiles_relaid_Padded_64.asset
  artifactKey: Guid(0d74698f37b0fc74f87760b59508ac60) Importer(815301076,1909f56bfc062723c751e8b465ee728b)
Start importing Assets/Tiles/sunnyland_tiles_relaid_Padded_64.asset using Guid(0d74698f37b0fc74f87760b59508ac60) Importer(815301076,1909f56bfc062723c751e8b465ee728b)  -> (artifact id: '9a98798773183b10d1bb567b60a40c4f') in 0.016286 seconds 
========================================================================
Received Import Request.
  Time since last request: 1.354079 seconds.
  path: Assets/Tiles/sunnyland_tiles_relaid_Padded_66.asset
  artifactKey: Guid(3b92975f8e5520543a82eb53ebe818b4) Importer(815301076,1909f56bfc062723c751e8b465ee728b)
Start importing Assets/Tiles/sunnyland_tiles_relaid_Padded_66.asset using Guid(3b92975f8e5520543a82eb53ebe818b4) Importer(815301076,1909f56bfc062723c751e8b465ee728b)  -> (artifact id: 'aada4bd03c79fdd472a74ecde03ac404') in 0.023921 seconds 
========================================================================
Received Import Request.
  Time since last request: 0.000016 seconds.
  path: Assets/Tiles/sunnyland_tiles_relaid_Padded_68.asset
  artifactKey: Guid(796440ad20ddd6f41850d2a1f894db9d) Importer(815301076,1909f56bfc062723c751e8b465ee728b)
Start importing Assets/Tiles/sunnyland_tiles_relaid_Padded_68.asset using Guid(796440ad20ddd6f41850d2a1f894db9d) Importer(815301076,1909f56bfc062723c751e8b465ee728b)  -> (artifact id: '405907ded4cec47273687f4e3caa58ad') in 0.020733 seconds 
========================================================================
Received Import Request.
  Time since last request: 0.020991 seconds.
  path: Assets/Tiles/sunnyland_tiles_relaid_Padded_70.asset
  artifactKey: Guid(974f13621e25bf94796fff327fdadec5) Importer(815301076,1909f56bfc062723c751e8b465ee728b)
Start importing Assets/Tiles/sunnyland_tiles_relaid_Padded_70.asset using Guid(974f13621e25bf94796fff327fdadec5) Importer(815301076,1909f56bfc062723c751e8b465ee728b)  -> (artifact id: '15aefb72289ffa973050b0e37c557322') in 0.020343 seconds 
========================================================================
Received Import Request.
  Time since last request: 1.353498 seconds.
  path: Assets/Tiles/sunnyland_tiles_relaid_Padded_72.asset
  artifactKey: Guid(09f488e757647824a9763f14b9402a9f) Importer(815301076,1909f56bfc062723c751e8b465ee728b)
Start importing Assets/Tiles/sunnyland_tiles_relaid_Padded_72.asset using Guid(09f488e757647824a9763f14b9402a9f) Importer(815301076,1909f56bfc062723c751e8b465ee728b)  -> (artifact id: '238ce5205de858c339f86148779816b0') in 0.025039 seconds 
========================================================================
Received Import Request.
  Time since last request: 0.031558 seconds.
  path: Assets/Tiles/sunnyland_tiles_relaid_Padded_74.asset
  artifactKey: Guid(789a5c9d57b9aca4f92ae03cc9e86de0) Importer(815301076,1909f56bfc062723c751e8b465ee728b)
Start importing Assets/Tiles/sunnyland_tiles_relaid_Padded_74.asset using Guid(789a5c9d57b9aca4f92ae03cc9e86de0) Importer(815301076,1909f56bfc062723c751e8b465ee728b)  -> (artifact id: '925220fc1232c5c4dab81bfe3d525968') in 0.016210 seconds 
========================================================================
Received Import Request.
  Time since last request: 0.780004 seconds.
  path: Assets/Tiles/sunnyland_tiles_relaid_Padded_76.asset
  artifactKey: Guid(8418242958c2cee4fb54c77618648a6f) Importer(815301076,1909f56bfc062723c751e8b465ee728b)
Start importing Assets/Tiles/sunnyland_tiles_relaid_Padded_76.asset using Guid(8418242958c2cee4fb54c77618648a6f) Importer(815301076,1909f56bfc062723c751e8b465ee728b)  -> (artifact id: 'f5d9db0ab5d8bfa1948b8f831d3d28f2') in 0.023362 seconds 
========================================================================
Received Import Request.
  Time since last request: 0.031721 seconds.
  path: Assets/Tiles/sunnyland_tiles_relaid_Padded_78.asset
  artifactKey: Guid(ae228db44648682489c28802e7c5332c) Importer(815301076,1909f56bfc062723c751e8b465ee728b)
Start importing Assets/Tiles/sunnyland_tiles_relaid_Padded_78.asset using Guid(ae228db44648682489c28802e7c5332c) Importer(815301076,1909f56bfc062723c751e8b465ee728b)  -> (artifact id: '0ec6b3a300a199c152f3b8ee81102458') in 0.015551 seconds 
========================================================================
Received Import Request.
  Time since last request: 0.631569 seconds.
  path: Assets/Tiles/sunnyland_tiles_relaid_Padded_80.asset
  artifactKey: Guid(e0995b72f48da5244ac0f243dd1901f0) Importer(815301076,1909f56bfc062723c751e8b465ee728b)
Start importing Assets/Tiles/sunnyland_tiles_relaid_Padded_80.asset using Guid(e0995b72f48da5244ac0f243dd1901f0) Importer(815301076,1909f56bfc062723c751e8b465ee728b)  -> (artifact id: '4f09370fc25fec16d0b94d72b0b16239') in 0.013050 seconds 
========================================================================
Received Import Request.
  Time since last request: 0.067990 seconds.
  path: Assets/Tiles/sunnyland_tiles_relaid_Padded_82.asset
  artifactKey: Guid(9b27eb008f3842a419fd7d4664399c4f) Importer(815301076,1909f56bfc062723c751e8b465ee728b)
Start importing Assets/Tiles/sunnyland_tiles_relaid_Padded_82.asset using Guid(9b27eb008f3842a419fd7d4664399c4f) Importer(815301076,1909f56bfc062723c751e8b465ee728b)  -> (artifact id: '4a3cab15b454bf6084c83148768cb153') in 0.013754 seconds 
========================================================================
Received Import Request.
  Time since last request: 0.419384 seconds.
  path: Assets/Tiles/sunnyland_tiles_relaid_Padded_84.asset
  artifactKey: Guid(e8b365106fae9dc4e975ef12be8f88ad) Importer(815301076,1909f56bfc062723c751e8b465ee728b)
Start importing Assets/Tiles/sunnyland_tiles_relaid_Padded_84.asset using Guid(e8b365106fae9dc4e975ef12be8f88ad) Importer(815301076,1909f56bfc062723c751e8b465ee728b)  -> (artifact id: '04f40eaffc634cb99d0ac2ad78992ffa') in 0.011338 seconds 
========================================================================
Received Import Request.
  Time since last request: 0.068341 seconds.
  path: Assets/Tiles/sunnyland_tiles_relaid_Padded_86.asset
  artifactKey: Guid(fd1ebf960e45c0843a79b1653e9164a7) Importer(815301076,1909f56bfc062723c751e8b465ee728b)
Start importing Assets/Tiles/sunnyland_tiles_relaid_Padded_86.asset using Guid(fd1ebf960e45c0843a79b1653e9164a7) Importer(815301076,1909f56bfc062723c751e8b465ee728b)  -> (artifact id: '2161416cdbf2c26d7d8dcbc076fef055') in 0.010341 seconds 
========================================================================
Received Import Request.
  Time since last request: 0.315459 seconds.
  path: Assets/Tiles/sunnyland_tiles_relaid_Padded_88.asset
  artifactKey: Guid(891ce64fdec3b9e489b1b00e533419db) Importer(815301076,1909f56bfc062723c751e8b465ee728b)
Start importing Assets/Tiles/sunnyland_tiles_relaid_Padded_88.asset using Guid(891ce64fdec3b9e489b1b00e533419db) Importer(815301076,1909f56bfc062723c751e8b465ee728b)  -> (artifact id: 'fc39244ad0561b3effb9d0e7a61f04d8') in 0.023075 seconds 
========================================================================
Received Import Request.
  Time since last request: 0.340844 seconds.
  path: Assets/Tiles/sunnyland_tiles_relaid_Padded_90.asset
  artifactKey: Guid(dcdd8087001f8ff4994a5b504807ca90) Importer(815301076,1909f56bfc062723c751e8b465ee728b)
Start importing Assets/Tiles/sunnyland_tiles_relaid_Padded_90.asset using Guid(dcdd8087001f8ff4994a5b504807ca90) Importer(815301076,1909f56bfc062723c751e8b465ee728b)  -> (artifact id: '02d654411aa7c7d9a9306a2cac9b7596') in 0.023545 seconds 
========================================================================
Received Import Request.
  Time since last request: 0.031014 seconds.
  path: Assets/Tiles/sunnyland_tiles_relaid_Padded_92.asset
  artifactKey: Guid(d4f282993e549f3418c25197760fc01a) Importer(815301076,1909f56bfc062723c751e8b465ee728b)
Start importing Assets/Tiles/sunnyland_tiles_relaid_Padded_92.asset using Guid(d4f282993e549f3418c25197760fc01a) Importer(815301076,1909f56bfc062723c751e8b465ee728b)  -> (artifact id: '3cf33c15b93845991b3fe0b6295c64bb') in 0.023556 seconds 
========================================================================
Received Import Request.
  Time since last request: 0.000028 seconds.
  path: Assets/Tiles/sunnyland_tiles_relaid_Padded_94.asset
  artifactKey: Guid(b7f28ffb8dee5e74dba2fe53b87acde7) Importer(815301076,1909f56bfc062723c751e8b465ee728b)
Start importing Assets/Tiles/sunnyland_tiles_relaid_Padded_94.asset using Guid(b7f28ffb8dee5e74dba2fe53b87acde7) Importer(815301076,1909f56bfc062723c751e8b465ee728b)  -> (artifact id: '8abade12244d1f27b8445b1dd26324d1') in 0.017951 seconds 
========================================================================
Received Import Request.
  Time since last request: 0.529344 seconds.
  path: Assets/Tiles/sunnyland_tiles_relaid_Padded_96.asset
  artifactKey: Guid(85f489250ea95b147956c1e37faf60a3) Importer(815301076,1909f56bfc062723c751e8b465ee728b)
Start importing Assets/Tiles/sunnyland_tiles_relaid_Padded_96.asset using Guid(85f489250ea95b147956c1e37faf60a3) Importer(815301076,1909f56bfc062723c751e8b465ee728b)  -> (artifact id: '6abbedf6853a8a8e538498af8f457095') in 0.010262 seconds 
========================================================================
Received Import Request.
  Time since last request: 0.033127 seconds.
  path: Assets/Tiles/sunnyland_tiles_relaid_Padded_98.asset
  artifactKey: Guid(7f4ed1a0633b1d64d9a750c5ae863478) Importer(815301076,1909f56bfc062723c751e8b465ee728b)
Start importing Assets/Tiles/sunnyland_tiles_relaid_Padded_98.asset using Guid(7f4ed1a0633b1d64d9a750c5ae863478) Importer(815301076,1909f56bfc062723c751e8b465ee728b)  -> (artifact id: 'b545596877f655de9f10d5bf92ba2abf') in 0.018782 seconds 
========================================================================
Received Import Request.
  Time since last request: 0.028707 seconds.
  path: Assets/Tiles/sunnyland_tiles_relaid_Padded_100.asset
  artifactKey: Guid(f594099c324bce344a8a29a0298591b6) Importer(815301076,1909f56bfc062723c751e8b465ee728b)
Start importing Assets/Tiles/sunnyland_tiles_relaid_Padded_100.asset using Guid(f594099c324bce344a8a29a0298591b6) Importer(815301076,1909f56bfc062723c751e8b465ee728b)  -> (artifact id: '147000f3664f4c14a5a76a5dbf41f636') in 0.017221 seconds 
========================================================================
Received Import Request.
  Time since last request: 0.301290 seconds.
  path: Assets/Tiles/sunnyland_tiles_relaid_Padded_102.asset
  artifactKey: Guid(3077b1fd2f6149345958404ebe8fb7fb) Importer(815301076,1909f56bfc062723c751e8b465ee728b)
Start importing Assets/Tiles/sunnyland_tiles_relaid_Padded_102.asset using Guid(3077b1fd2f6149345958404ebe8fb7fb) Importer(815301076,1909f56bfc062723c751e8b465ee728b)  -> (artifact id: '7bddec0543d7dfa812723d9b8b47bec0') in 0.011106 seconds 
========================================================================
Received Import Request.
  Time since last request: 0.030571 seconds.
  path: Assets/Tiles/sunnyland_tiles_relaid_Padded_104.asset
  artifactKey: Guid(e085a78c566b3854ca39b1728a24b76d) Importer(815301076,1909f56bfc062723c751e8b465ee728b)
Start importing Assets/Tiles/sunnyland_tiles_relaid_Padded_104.asset using Guid(e085a78c566b3854ca39b1728a24b76d) Importer(815301076,1909f56bfc062723c751e8b465ee728b)  -> (artifact id: '26d1acc1f7d675bc1c10d48b4a04ccd9') in 0.017965 seconds 
========================================================================
Received Import Request.
  Time since last request: 0.000023 seconds.
  path: Assets/Tiles/sunnyland_tiles_relaid_Padded_105.asset
  artifactKey: Guid(b69e363be2aec1e459c77e5808dd89b3) Importer(815301076,1909f56bfc062723c751e8b465ee728b)
Start importing Assets/Tiles/sunnyland_tiles_relaid_Padded_105.asset using Guid(b69e363be2aec1e459c77e5808dd89b3) Importer(815301076,1909f56bfc062723c751e8b465ee728b)  -> (artifact id: 'dc362d2c9909c479f1467b0979d370c0') in 0.019422 seconds 
========================================================================
Received Import Request.
  Time since last request: 9.997478 seconds.
  path: Assets/Tiles/Overworld/Overworld_tiles_Padded_0.asset
  artifactKey: Guid(383956605b4130c44aacab7bd9dfa128) Importer(815301076,1909f56bfc062723c751e8b465ee728b)
Start importing Assets/Tiles/Overworld/Overworld_tiles_Padded_0.asset using Guid(383956605b4130c44aacab7bd9dfa128) Importer(815301076,1909f56bfc062723c751e8b465ee728b)  -> (artifact id: 'dda1c79e7f44902c61a3bd2fd5fb54e2') in 0.010568 seconds 
========================================================================
Received Import Request.
  Time since last request: 0.000017 seconds.
  path: Assets/Tiles/Overworld/Overworld_tiles_Padded_5.asset
  artifactKey: Guid(1a92c21aaff283742a8626536720e694) Importer(815301076,1909f56bfc062723c751e8b465ee728b)
Start importing Assets/Tiles/Overworld/Overworld_tiles_Padded_5.asset using Guid(1a92c21aaff283742a8626536720e694) Importer(815301076,1909f56bfc062723c751e8b465ee728b)  -> (artifact id: '91aff03a17a6339c63be8b7c873c2ab1') in 0.016909 seconds 
========================================================================
Received Import Request.
  Time since last request: 0.000048 seconds.
  path: Assets/Tiles/Overworld/Overworld_tiles_Padded_8.asset
  artifactKey: Guid(6ea25f1dbaf5b4d4f9ddb2b008b8dee5) Importer(815301076,1909f56bfc062723c751e8b465ee728b)
Start importing Assets/Tiles/Overworld/Overworld_tiles_Padded_8.asset using Guid(6ea25f1dbaf5b4d4f9ddb2b008b8dee5) Importer(815301076,1909f56bfc062723c751e8b465ee728b)  -> (artifact id: '2f9c077de36a10170b2edf7a3a60f59b') in 0.016763 seconds 
========================================================================
Received Import Request.
  Time since last request: 0.000030 seconds.
  path: Assets/Tiles/Overworld/Overworld_tiles_Padded_3.asset
  artifactKey: Guid(4b6e4d8f8f33c374aa9ed5326249adab) Importer(815301076,1909f56bfc062723c751e8b465ee728b)
Start importing Assets/Tiles/Overworld/Overworld_tiles_Padded_3.asset using Guid(4b6e4d8f8f33c374aa9ed5326249adab) Importer(815301076,1909f56bfc062723c751e8b465ee728b)  -> (artifact id: '19c0c6a621e9578fe12c770a22824a02') in 0.023474 seconds 
========================================================================
Received Import Request.
  Time since last request: 0.000064 seconds.
  path: Assets/Tiles/Overworld/Overworld_tiles_Padded_6.asset
  artifactKey: Guid(abdfcec96d94bd444909371f458e06c7) Importer(815301076,1909f56bfc062723c751e8b465ee728b)
Start importing Assets/Tiles/Overworld/Overworld_tiles_Padded_6.asset using Guid(abdfcec96d94bd444909371f458e06c7) Importer(815301076,1909f56bfc062723c751e8b465ee728b)  -> (artifact id: '33fceefc4480e399373a14cbe4fc523b') in 0.019967 seconds 
========================================================================
Received Import Request.
  Time since last request: 0.000029 seconds.
  path: Assets/Tiles/Overworld/Overworld_tiles_Padded_4.asset
  artifactKey: Guid(c5466b651bba58a4eaa4ff42aa305edb) Importer(815301076,1909f56bfc062723c751e8b465ee728b)
Start importing Assets/Tiles/Overworld/Overworld_tiles_Padded_4.asset using Guid(c5466b651bba58a4eaa4ff42aa305edb) Importer(815301076,1909f56bfc062723c751e8b465ee728b)  -> (artifact id: '2eb24ec4f121edb6cd3f3885936347ab') in 0.028052 seconds 
========================================================================
Received Import Request.
  Time since last request: 0.000031 seconds.
  path: Assets/Tiles/Overworld/Overworld_tiles_Padded_1.asset
  artifactKey: Guid(48c2ac6ded5c9b640a23e40feb806eb4) Importer(815301076,1909f56bfc062723c751e8b465ee728b)
Start importing Assets/Tiles/Overworld/Overworld_tiles_Padded_1.asset using Guid(48c2ac6ded5c9b640a23e40feb806eb4) Importer(815301076,1909f56bfc062723c751e8b465ee728b)  -> (artifact id: 'c32ecc57d852984973321d9a2b934eb9') in 0.019700 seconds 
========================================================================
Received Import Request.
  Time since last request: 0.000031 seconds.
  path: Assets/Tiles/Overworld/Overworld_tiles_Padded_9.asset
  artifactKey: Guid(635dbb5e8921017448e29e2c66255cbc) Importer(815301076,1909f56bfc062723c751e8b465ee728b)
Start importing Assets/Tiles/Overworld/Overworld_tiles_Padded_9.asset using Guid(635dbb5e8921017448e29e2c66255cbc) Importer(815301076,1909f56bfc062723c751e8b465ee728b)  -> (artifact id: '2537185e7677b0be70486a7c7c1b2db0') in 0.014794 seconds 
========================================================================
Received Import Request.
  Time since last request: 0.000058 seconds.
  path: Assets/Tiles/Overworld/Overworld_tiles_Padded_2.asset
  artifactKey: Guid(7891c2431fd64b448a42dcd95023807e) Importer(815301076,1909f56bfc062723c751e8b465ee728b)
Start importing Assets/Tiles/Overworld/Overworld_tiles_Padded_2.asset using Guid(7891c2431fd64b448a42dcd95023807e) Importer(815301076,1909f56bfc062723c751e8b465ee728b)  -> (artifact id: '3570b0fdb604ef488893f40bb824ce32') in 0.014362 seconds 
========================================================================
Received Import Request.
  Time since last request: 0.000040 seconds.
  path: Assets/Tiles/Overworld/Overworld_tiles_Padded_7.asset
  artifactKey: Guid(7e111c1792e1270428b28e6101082dda) Importer(815301076,1909f56bfc062723c751e8b465ee728b)
Start importing Assets/Tiles/Overworld/Overworld_tiles_Padded_7.asset using Guid(7e111c1792e1270428b28e6101082dda) Importer(815301076,1909f56bfc062723c751e8b465ee728b)  -> (artifact id: 'eca3c094df2617a06e65ca2d598e5191') in 0.017425 seconds 
========================================================================
Received Import Request.
  Time since last request: 3.228203 seconds.
  path: Assets/Tiles/Overworld/Overworld_tiles_Padded_11.asset
  artifactKey: Guid(13b76466619c7e947a3e62af5f5b0d26) Importer(815301076,1909f56bfc062723c751e8b465ee728b)
Start importing Assets/Tiles/Overworld/Overworld_tiles_Padded_11.asset using Guid(13b76466619c7e947a3e62af5f5b0d26) Importer(815301076,1909f56bfc062723c751e8b465ee728b)  -> (artifact id: '5a0547129e854dbe708de0234e9f18e7') in 0.014597 seconds 
========================================================================
Received Import Request.
  Time since last request: 0.031026 seconds.
  path: Assets/Tiles/Overworld/Overworld_tiles_Padded_13.asset
  artifactKey: Guid(99269891b63346d48b7cb1de813fe8a5) Importer(815301076,1909f56bfc062723c751e8b465ee728b)
Start importing Assets/Tiles/Overworld/Overworld_tiles_Padded_13.asset using Guid(99269891b63346d48b7cb1de813fe8a5) Importer(815301076,1909f56bfc062723c751e8b465ee728b)  -> (artifact id: 'ee830e772f77e9a6f9f8c9d1caad78f4') in 0.012176 seconds 
========================================================================
Received Import Request.
  Time since last request: 0.388511 seconds.
  path: Assets/Tiles/Overworld/Overworld_tiles_Padded_15.asset
  artifactKey: Guid(9f031954220dd1c429bdc6545c4e302f) Importer(815301076,1909f56bfc062723c751e8b465ee728b)
Start importing Assets/Tiles/Overworld/Overworld_tiles_Padded_15.asset using Guid(9f031954220dd1c429bdc6545c4e302f) Importer(815301076,1909f56bfc062723c751e8b465ee728b)  -> (artifact id: 'e90cd408e494e4dc165543d06105dd1e') in 0.021476 seconds 
========================================================================
Received Import Request.
  Time since last request: 0.009760 seconds.
  path: Assets/Tiles/Overworld/Overworld_tiles_Padded_17.asset
  artifactKey: Guid(f81edb0daa6422440821e8af817304e3) Importer(815301076,1909f56bfc062723c751e8b465ee728b)
Start importing Assets/Tiles/Overworld/Overworld_tiles_Padded_17.asset using Guid(f81edb0daa6422440821e8af817304e3) Importer(815301076,1909f56bfc062723c751e8b465ee728b)  -> (artifact id: '0775e04d80a86338895379ce613cf3ea') in 0.020344 seconds 
========================================================================
Received Import Request.
  Time since last request: 0.648181 seconds.
  path: Assets/Tiles/Overworld/Overworld_tiles_Padded_19.asset
  artifactKey: Guid(44e6ee3cf22d0024ea7823b25d306793) Importer(815301076,1909f56bfc062723c751e8b465ee728b)
Start importing Assets/Tiles/Overworld/Overworld_tiles_Padded_19.asset using Guid(44e6ee3cf22d0024ea7823b25d306793) Importer(815301076,1909f56bfc062723c751e8b465ee728b)  -> (artifact id: '9f93d116ca2e6960b1f3e3dad57719a7') in 0.022512 seconds 
========================================================================
Received Import Request.
  Time since last request: 0.025999 seconds.
  path: Assets/Tiles/Overworld/Overworld_tiles_Padded_21.asset
  artifactKey: Guid(9ddf9899f5ff53a459c882bd228474c0) Importer(815301076,1909f56bfc062723c751e8b465ee728b)
Start importing Assets/Tiles/Overworld/Overworld_tiles_Padded_21.asset using Guid(9ddf9899f5ff53a459c882bd228474c0) Importer(815301076,1909f56bfc062723c751e8b465ee728b)  -> (artifact id: 'bf67cf7a415bfbf6b63ad5d838313a1e') in 0.015533 seconds 
========================================================================
Received Import Request.
  Time since last request: 0.000041 seconds.
  path: Assets/Tiles/Overworld/Overworld_tiles_Padded_23.asset
  artifactKey: Guid(d4fb24b75df94f04d9d96f2d7a100deb) Importer(815301076,1909f56bfc062723c751e8b465ee728b)
Start importing Assets/Tiles/Overworld/Overworld_tiles_Padded_23.asset using Guid(d4fb24b75df94f04d9d96f2d7a100deb) Importer(815301076,1909f56bfc062723c751e8b465ee728b)  -> (artifact id: '2f859a819b27b7b3b9974d4e45510b7f') in 0.016280 seconds 
========================================================================
Received Import Request.
  Time since last request: 0.436100 seconds.
  path: Assets/Tiles/Overworld/Overworld_tiles_Padded_25.asset
  artifactKey: Guid(d79274d6b6917a44b91ef4a80e90d05c) Importer(815301076,1909f56bfc062723c751e8b465ee728b)
Start importing Assets/Tiles/Overworld/Overworld_tiles_Padded_25.asset using Guid(d79274d6b6917a44b91ef4a80e90d05c) Importer(815301076,1909f56bfc062723c751e8b465ee728b)  -> (artifact id: '827dbf6eaf3d3bc2deb5aedeb57bebdd') in 0.022566 seconds 
========================================================================
Received Import Request.
  Time since last request: 0.028028 seconds.
  path: Assets/Tiles/Overworld/Overworld_tiles_Padded_27.asset
  artifactKey: Guid(f0a92d2db93881e499bfb65465ae7b41) Importer(815301076,1909f56bfc062723c751e8b465ee728b)
Start importing Assets/Tiles/Overworld/Overworld_tiles_Padded_27.asset using Guid(f0a92d2db93881e499bfb65465ae7b41) Importer(815301076,1909f56bfc062723c751e8b465ee728b)  -> (artifact id: 'e06ada961648bb68ba4de5302a7d3d26') in 0.017096 seconds 
========================================================================
Received Import Request.
  Time since last request: 0.548740 seconds.
  path: Assets/Tiles/Overworld/Overworld_tiles_Padded_29.asset
  artifactKey: Guid(c1838cf32bb2cd7448e886ce8362da90) Importer(815301076,1909f56bfc062723c751e8b465ee728b)
Start importing Assets/Tiles/Overworld/Overworld_tiles_Padded_29.asset using Guid(c1838cf32bb2cd7448e886ce8362da90) Importer(815301076,1909f56bfc062723c751e8b465ee728b)  -> (artifact id: '49e5af4e88bd26be77a850e57b081d42') in 0.011439 seconds 
========================================================================
Received Import Request.
  Time since last request: 0.037382 seconds.
  path: Assets/Tiles/Overworld/Overworld_tiles_Padded_31.asset
  artifactKey: Guid(4520bfc9bceed974fbc91a65daea4b7e) Importer(815301076,1909f56bfc062723c751e8b465ee728b)
Start importing Assets/Tiles/Overworld/Overworld_tiles_Padded_31.asset using Guid(4520bfc9bceed974fbc91a65daea4b7e) Importer(815301076,1909f56bfc062723c751e8b465ee728b)  -> (artifact id: 'c7d5971044e4d5870f7c758a8251fa81') in 0.010677 seconds 
========================================================================
Received Import Request.
  Time since last request: 0.236182 seconds.
  path: Assets/Tiles/Overworld/Overworld_tiles_Padded_33.asset
  artifactKey: Guid(d45c5d21c09141c45818ee69dc2480fd) Importer(815301076,1909f56bfc062723c751e8b465ee728b)
Start importing Assets/Tiles/Overworld/Overworld_tiles_Padded_33.asset using Guid(d45c5d21c09141c45818ee69dc2480fd) Importer(815301076,1909f56bfc062723c751e8b465ee728b)  -> (artifact id: '445b581e6b70d78bf9656b17d33e0bae') in 0.023221 seconds 
========================================================================
Received Import Request.
  Time since last request: 0.277391 seconds.
  path: Assets/Tiles/Overworld/Overworld_tiles_Padded_35.asset
  artifactKey: Guid(3df6b90ed5b6236489e7b01224f33170) Importer(815301076,1909f56bfc062723c751e8b465ee728b)
Start importing Assets/Tiles/Overworld/Overworld_tiles_Padded_35.asset using Guid(3df6b90ed5b6236489e7b01224f33170) Importer(815301076,1909f56bfc062723c751e8b465ee728b)  -> (artifact id: '646c523b853dd4f687eec8f933697a1f') in 0.024895 seconds 
========================================================================
Received Import Request.
  Time since last request: 0.002762 seconds.
  path: Assets/Tiles/Overworld/Overworld_tiles_Padded_37.asset
  artifactKey: Guid(db4a30fbe6574e74bbc74c00f26ea70f) Importer(815301076,1909f56bfc062723c751e8b465ee728b)
Start importing Assets/Tiles/Overworld/Overworld_tiles_Padded_37.asset using Guid(db4a30fbe6574e74bbc74c00f26ea70f) Importer(815301076,1909f56bfc062723c751e8b465ee728b)  -> (artifact id: 'f246ab30861659db087c9c540173e51b') in 0.015014 seconds 
========================================================================
Received Import Request.
  Time since last request: 0.298618 seconds.
  path: Assets/Tiles/Overworld/Overworld_tiles_Padded_39.asset
  artifactKey: Guid(74ebb6420a21da847839c091cba78c1c) Importer(815301076,1909f56bfc062723c751e8b465ee728b)
Start importing Assets/Tiles/Overworld/Overworld_tiles_Padded_39.asset using Guid(74ebb6420a21da847839c091cba78c1c) Importer(815301076,1909f56bfc062723c751e8b465ee728b)  -> (artifact id: '98f32216384a0345df95cc4977b2208c') in 0.024258 seconds 
========================================================================
Received Import Request.
  Time since last request: 0.000024 seconds.
  path: Assets/Tiles/Overworld/Overworld_tiles_Padded_41.asset
  artifactKey: Guid(c7c7b5e06c16c1449ab115fad95787c4) Importer(815301076,1909f56bfc062723c751e8b465ee728b)
Start importing Assets/Tiles/Overworld/Overworld_tiles_Padded_41.asset using Guid(c7c7b5e06c16c1449ab115fad95787c4) Importer(815301076,1909f56bfc062723c751e8b465ee728b)  -> (artifact id: '7fb58f73aa75c8676751ef93f15f997c') in 0.018665 seconds 
========================================================================
Received Import Request.
  Time since last request: 0.047702 seconds.
  path: Assets/Tiles/Overworld/Overworld_tiles_Padded_43.asset
  artifactKey: Guid(2e6e177a73ebc684f92d3b4f0545c998) Importer(815301076,1909f56bfc062723c751e8b465ee728b)
Start importing Assets/Tiles/Overworld/Overworld_tiles_Padded_43.asset using Guid(2e6e177a73ebc684f92d3b4f0545c998) Importer(815301076,1909f56bfc062723c751e8b465ee728b)  -> (artifact id: 'c50c945d5f06bec79fcccbd711535852') in 0.010475 seconds 
========================================================================
Received Import Request.
  Time since last request: 0.549888 seconds.
  path: Assets/Tiles/Overworld/Overworld_tiles_Padded_45.asset
  artifactKey: Guid(f8aeecd47c85f784399c6580f3a0b973) Importer(815301076,1909f56bfc062723c751e8b465ee728b)
Start importing Assets/Tiles/Overworld/Overworld_tiles_Padded_45.asset using Guid(f8aeecd47c85f784399c6580f3a0b973) Importer(815301076,1909f56bfc062723c751e8b465ee728b)  -> (artifact id: '7defce5b92b08d56b6c53fa907cdb6c5') in 0.022862 seconds 
========================================================================
Received Import Request.
  Time since last request: 0.003450 seconds.
  path: Assets/Tiles/Overworld/Overworld_tiles_Padded_47.asset
  artifactKey: Guid(0d0cde51a7ef6ef44b3b5cd7ba2b0b6f) Importer(815301076,1909f56bfc062723c751e8b465ee728b)
Start importing Assets/Tiles/Overworld/Overworld_tiles_Padded_47.asset using Guid(0d0cde51a7ef6ef44b3b5cd7ba2b0b6f) Importer(815301076,1909f56bfc062723c751e8b465ee728b)  -> (artifact id: 'f6b3314d1e4557ed5575f016bdceeb71') in 0.019527 seconds 
========================================================================
Received Import Request.
  Time since last request: 0.043575 seconds.
  path: Assets/Tiles/Overworld/Overworld_tiles_Padded_49.asset
  artifactKey: Guid(a2951712e11dc5d45aba727cb0232b74) Importer(815301076,1909f56bfc062723c751e8b465ee728b)
Start importing Assets/Tiles/Overworld/Overworld_tiles_Padded_49.asset using Guid(a2951712e11dc5d45aba727cb0232b74) Importer(815301076,1909f56bfc062723c751e8b465ee728b)  -> (artifact id: 'd7aba163d7e692d0ef628016c87599ae') in 0.010939 seconds 
========================================================================
Received Import Request.
  Time since last request: 0.314943 seconds.
  path: Assets/Tiles/Overworld/Overworld_tiles_Padded_51.asset
  artifactKey: Guid(e82c2ecfa173a384fa76e940bcd12fb2) Importer(815301076,1909f56bfc062723c751e8b465ee728b)
Start importing Assets/Tiles/Overworld/Overworld_tiles_Padded_51.asset using Guid(e82c2ecfa173a384fa76e940bcd12fb2) Importer(815301076,1909f56bfc062723c751e8b465ee728b)  -> (artifact id: 'b40371b40ed1ba3e7fac5a077952069c') in 0.025900 seconds 
========================================================================
Received Import Request.
  Time since last request: 0.025519 seconds.
  path: Assets/Tiles/Overworld/Overworld_tiles_Padded_53.asset
  artifactKey: Guid(8b20bb488cec4b14f906ff099b439878) Importer(815301076,1909f56bfc062723c751e8b465ee728b)
Start importing Assets/Tiles/Overworld/Overworld_tiles_Padded_53.asset using Guid(8b20bb488cec4b14f906ff099b439878) Importer(815301076,1909f56bfc062723c751e8b465ee728b)  -> (artifact id: 'b214d270a43a7ac25eb9ac1dbfc2e4ff') in 0.016304 seconds 
========================================================================
Received Import Request.
  Time since last request: 0.001157 seconds.
  path: Assets/Tiles/Overworld/Overworld_tiles_Padded_55.asset
  artifactKey: Guid(0f0de18c5c2c94d48abb5d07b574c13c) Importer(815301076,1909f56bfc062723c751e8b465ee728b)
Start importing Assets/Tiles/Overworld/Overworld_tiles_Padded_55.asset using Guid(0f0de18c5c2c94d48abb5d07b574c13c) Importer(815301076,1909f56bfc062723c751e8b465ee728b)  -> (artifact id: '767cdc6f7806cf4a25fecb2c944fc625') in 0.015490 seconds 
========================================================================
Received Import Request.
  Time since last request: 4.074556 seconds.
  path: Assets/Tiles/Overworld/Overworld_tiles_Padded_57.asset
  artifactKey: Guid(22d61a0584f1cd34fac88a7e87441df3) Importer(815301076,1909f56bfc062723c751e8b465ee728b)
Start importing Assets/Tiles/Overworld/Overworld_tiles_Padded_57.asset using Guid(22d61a0584f1cd34fac88a7e87441df3) Importer(815301076,1909f56bfc062723c751e8b465ee728b)  -> (artifact id: 'bc98abefca9b822bc4af5f791db7823a') in 0.025727 seconds 
========================================================================
Received Prepare
Registering precompiled user dll's ...
Registered in 0.010577 seconds.
Begin MonoManager ReloadAssembly
Native extension for WindowsStandalone target not found
Native extension for WebGL target not found
Refreshing native plugins compatible for Editor in 1.13 ms, found 2 plugins.
Preloading 0 native plugins for Editor in 0.00 ms.
Mono: successfully reloaded assembly
- Completed reload, in  4.011 seconds
Domain Reload Profiling:
	ReloadAssembly (4012ms)
		BeginReloadAssembly (626ms)
			ExecutionOrderSort (0ms)
			DisableScriptedObjects (29ms)
			BackupInstance (0ms)
			ReleaseScriptingObjects (3ms)
			CreateAndSetChildDomain (214ms)
		EndReloadAssembly (2370ms)
			LoadAssemblies (344ms)
			RebuildTransferFunctionScriptingTraits (0ms)
			SetupTypeCache (954ms)
			ReleaseScriptCaches (2ms)
			RebuildScriptCaches (134ms)
			SetupLoadedEditorAssemblies (815ms)
				LogAssemblyErrors (0ms)
				InitializePlatformSupportModulesInManaged (32ms)
				SetLoadedEditorAssemblies (2ms)
				RefreshPlugins (1ms)
				BeforeProcessingInitializeOnLoad (136ms)
				ProcessInitializeOnLoadAttributes (507ms)
				ProcessInitializeOnLoadMethodAttributes (116ms)
				AfterProcessingInitializeOnLoad (20ms)
				EditorAssembliesLoaded (1ms)
			ExecutionOrderSort2 (0ms)
			AwakeInstancesAfterBackupRestoration (19ms)
Platform modules already initialized, skipping
Refreshing native plugins compatible for Editor in 2.91 ms, found 2 plugins.
Preloading 0 native plugins for Editor in 0.00 ms.
Unloading 1780 Unused Serialized files (Serialized files now loaded: 0)
Unloading 12 unused Assets / (31.7 KB). Loaded Objects now: 2258.
Memory consumption went from 75.4 MB to 75.4 MB.
Total: 4.445900 ms (FindLiveObjects: 0.180300 ms CreateObjectMapping: 0.080500 ms MarkObjects: 4.132400 ms  DeleteObjects: 0.049900 ms)

AssetImportParameters requested are different than current active one (requested -> active):
  custom:video-decoder-ogg-theora: a1e56fd34408186e4bbccfd4996cb3dc -> 
  custom:container-muxer-webm: aa71ff27fc2769a1b78a27578f13a17b -> 
  custom:container-demuxer-webm: 4f35f7cbe854078d1ac9338744f61a02 -> 
  custom:video-encoder-webm-vp8: eb34c28f22e8b96e1ab97ce403110664 -> 
  custom:video-codec-MediaFoundation-h265: 746d11721c4dcdbdad8f713fa42b33f4 -> 
  custom:audio-encoder-webm-vorbis: bf7c407c2cedff20999df2af8eb42d56 -> 
  custom:framework-win-MediaFoundation: 216162199b28c13a410421893ffa2e32 -> 
  custom:container-demuxer-ogg: 62fdf1f143b41e24485cea50d1cbac27 -> 
  custom:video-decoder-webm-vp8: 9c59270c3fd7afecdb556c50c9e8de78 -> 
  custom:audio-decoder-ogg-vorbis: bf7c407c2cedff20999df2af8eb42d56 -> 
========================================================================
Received Prepare
Registering precompiled user dll's ...
Registered in 0.001913 seconds.
Begin MonoManager ReloadAssembly
Native extension for WindowsStandalone target not found
Native extension for WebGL target not found
Refreshing native plugins compatible for Editor in 0.39 ms, found 2 plugins.
Preloading 0 native plugins for Editor in 0.00 ms.
Mono: successfully reloaded assembly
- Completed reload, in  0.934 seconds
Domain Reload Profiling:
	ReloadAssembly (934ms)
		BeginReloadAssembly (126ms)
			ExecutionOrderSort (0ms)
			DisableScriptedObjects (7ms)
			BackupInstance (0ms)
			ReleaseScriptingObjects (0ms)
			CreateAndSetChildDomain (32ms)
		EndReloadAssembly (713ms)
			LoadAssemblies (73ms)
			RebuildTransferFunctionScriptingTraits (0ms)
			SetupTypeCache (183ms)
			ReleaseScriptCaches (2ms)
			RebuildScriptCaches (52ms)
			SetupLoadedEditorAssemblies (345ms)
				LogAssemblyErrors (0ms)
				InitializePlatformSupportModulesInManaged (20ms)
				SetLoadedEditorAssemblies (1ms)
				RefreshPlugins (1ms)
				BeforeProcessingInitializeOnLoad (63ms)
				ProcessInitializeOnLoadAttributes (209ms)
				ProcessInitializeOnLoadMethodAttributes (38ms)
				AfterProcessingInitializeOnLoad (14ms)
				EditorAssembliesLoaded (0ms)
			ExecutionOrderSort2 (0ms)
			AwakeInstancesAfterBackupRestoration (10ms)
Platform modules already initialized, skipping
Refreshing native plugins compatible for Editor in 2.53 ms, found 2 plugins.
Preloading 0 native plugins for Editor in 0.00 ms.
Unloading 1780 Unused Serialized files (Serialized files now loaded: 0)
Unloading 12 unused Assets / (31.8 KB). Loaded Objects now: 2261.
Memory consumption went from 75.4 MB to 75.4 MB.
Total: 5.236100 ms (FindLiveObjects: 0.228300 ms CreateObjectMapping: 0.324600 ms MarkObjects: 4.627200 ms  DeleteObjects: 0.053600 ms)

AssetImportParameters requested are different than current active one (requested -> active):
  custom:video-decoder-ogg-theora: a1e56fd34408186e4bbccfd4996cb3dc -> 
  custom:container-muxer-webm: aa71ff27fc2769a1b78a27578f13a17b -> 
  custom:container-demuxer-webm: 4f35f7cbe854078d1ac9338744f61a02 -> 
  custom:video-encoder-webm-vp8: eb34c28f22e8b96e1ab97ce403110664 -> 
  custom:video-codec-MediaFoundation-h265: 746d11721c4dcdbdad8f713fa42b33f4 -> 
  custom:audio-encoder-webm-vorbis: bf7c407c2cedff20999df2af8eb42d56 -> 
  custom:framework-win-MediaFoundation: 216162199b28c13a410421893ffa2e32 -> 
  custom:container-demuxer-ogg: 62fdf1f143b41e24485cea50d1cbac27 -> 
  custom:video-decoder-webm-vp8: 9c59270c3fd7afecdb556c50c9e8de78 -> 
  custom:audio-decoder-ogg-vorbis: bf7c407c2cedff20999df2af8eb42d56 -> 
========================================================================
Received Prepare
Registering precompiled user dll's ...
Registered in 0.001838 seconds.
Begin MonoManager ReloadAssembly
Native extension for WindowsStandalone target not found
Native extension for WebGL target not found
Refreshing native plugins compatible for Editor in 0.41 ms, found 2 plugins.
Preloading 0 native plugins for Editor in 0.00 ms.
Mono: successfully reloaded assembly
- Completed reload, in  1.019 seconds
Domain Reload Profiling:
	ReloadAssembly (1020ms)
		BeginReloadAssembly (121ms)
			ExecutionOrderSort (0ms)
			DisableScriptedObjects (7ms)
			BackupInstance (0ms)
			ReleaseScriptingObjects (0ms)
			CreateAndSetChildDomain (32ms)
		EndReloadAssembly (796ms)
			LoadAssemblies (69ms)
			RebuildTransferFunctionScriptingTraits (0ms)
			SetupTypeCache (192ms)
			ReleaseScriptCaches (1ms)
			RebuildScriptCaches (50ms)
			SetupLoadedEditorAssemblies (420ms)
				LogAssemblyErrors (0ms)
				InitializePlatformSupportModulesInManaged (19ms)
				SetLoadedEditorAssemblies (1ms)
				RefreshPlugins (0ms)
				BeforeProcessingInitializeOnLoad (86ms)
				ProcessInitializeOnLoadAttributes (246ms)
				ProcessInitializeOnLoadMethodAttributes (58ms)
				AfterProcessingInitializeOnLoad (10ms)
				EditorAssembliesLoaded (0ms)
			ExecutionOrderSort2 (0ms)
			AwakeInstancesAfterBackupRestoration (9ms)
Platform modules already initialized, skipping
Refreshing native plugins compatible for Editor in 1.79 ms, found 2 plugins.
Preloading 0 native plugins for Editor in 0.00 ms.
Unloading 1780 Unused Serialized files (Serialized files now loaded: 0)
Unloading 12 unused Assets / (31.8 KB). Loaded Objects now: 2264.
Memory consumption went from 75.4 MB to 75.4 MB.
Total: 4.897300 ms (FindLiveObjects: 0.184900 ms CreateObjectMapping: 0.106300 ms MarkObjects: 4.580100 ms  DeleteObjects: 0.023700 ms)

AssetImportParameters requested are different than current active one (requested -> active):
  custom:video-decoder-ogg-theora: a1e56fd34408186e4bbccfd4996cb3dc -> 
  custom:container-muxer-webm: aa71ff27fc2769a1b78a27578f13a17b -> 
  custom:container-demuxer-webm: 4f35f7cbe854078d1ac9338744f61a02 -> 
  custom:video-encoder-webm-vp8: eb34c28f22e8b96e1ab97ce403110664 -> 
  custom:video-codec-MediaFoundation-h265: 746d11721c4dcdbdad8f713fa42b33f4 -> 
  custom:audio-encoder-webm-vorbis: bf7c407c2cedff20999df2af8eb42d56 -> 
  custom:framework-win-MediaFoundation: 216162199b28c13a410421893ffa2e32 -> 
  custom:container-demuxer-ogg: 62fdf1f143b41e24485cea50d1cbac27 -> 
  custom:video-decoder-webm-vp8: 9c59270c3fd7afecdb556c50c9e8de78 -> 
  custom:audio-decoder-ogg-vorbis: bf7c407c2cedff20999df2af8eb42d56 -> 
========================================================================
Received Prepare
Refreshing native plugins compatible for Editor in 4.38 ms, found 2 plugins.
Preloading 0 native plugins for Editor in 0.00 ms.
Unloading 13 Unused Serialized files (Serialized files now loaded: 0)
Unloading 12 unused Assets / (29.1 KB). Loaded Objects now: 2264.
Memory consumption went from 40.0 MB to 39.9 MB.
Total: 37.041300 ms (FindLiveObjects: 0.514100 ms CreateObjectMapping: 0.058600 ms MarkObjects: 36.306300 ms  DeleteObjects: 0.161000 ms)

AssetImportParameters requested are different than current active one (requested -> active):
  custom:video-decoder-ogg-theora: a1e56fd34408186e4bbccfd4996cb3dc -> 
  custom:container-muxer-webm: aa71ff27fc2769a1b78a27578f13a17b -> 
  custom:container-demuxer-webm: 4f35f7cbe854078d1ac9338744f61a02 -> 
  custom:video-encoder-webm-vp8: eb34c28f22e8b96e1ab97ce403110664 -> 
  custom:video-codec-MediaFoundation-h265: 746d11721c4dcdbdad8f713fa42b33f4 -> 
  custom:audio-encoder-webm-vorbis: bf7c407c2cedff20999df2af8eb42d56 -> 
  custom:framework-win-MediaFoundation: 216162199b28c13a410421893ffa2e32 -> 
  custom:container-demuxer-ogg: 62fdf1f143b41e24485cea50d1cbac27 -> 
  custom:video-decoder-webm-vp8: 9c59270c3fd7afecdb556c50c9e8de78 -> 
  custom:audio-decoder-ogg-vorbis: bf7c407c2cedff20999df2af8eb42d56 -> 
========================================================================
Received Prepare
Registering precompiled user dll's ...
Registered in 0.002188 seconds.
Begin MonoManager ReloadAssembly
Native extension for WindowsStandalone target not found
Native extension for WebGL target not found
Refreshing native plugins compatible for Editor in 0.35 ms, found 2 plugins.
Preloading 0 native plugins for Editor in 0.00 ms.
Mono: successfully reloaded assembly
- Completed reload, in  1.367 seconds
Domain Reload Profiling:
	ReloadAssembly (1370ms)
		BeginReloadAssembly (436ms)
			ExecutionOrderSort (0ms)
			DisableScriptedObjects (50ms)
			BackupInstance (0ms)
			ReleaseScriptingObjects (0ms)
			CreateAndSetChildDomain (210ms)
		EndReloadAssembly (787ms)
			LoadAssemblies (129ms)
			RebuildTransferFunctionScriptingTraits (0ms)
			SetupTypeCache (241ms)
			ReleaseScriptCaches (1ms)
			RebuildScriptCaches (55ms)
			SetupLoadedEditorAssemblies (342ms)
				LogAssemblyErrors (0ms)
				InitializePlatformSupportModulesInManaged (18ms)
				SetLoadedEditorAssemblies (1ms)
				RefreshPlugins (0ms)
				BeforeProcessingInitializeOnLoad (60ms)
				ProcessInitializeOnLoadAttributes (218ms)
				ProcessInitializeOnLoadMethodAttributes (36ms)
				AfterProcessingInitializeOnLoad (8ms)
				EditorAssembliesLoaded (0ms)
			ExecutionOrderSort2 (0ms)
			AwakeInstancesAfterBackupRestoration (7ms)
Platform modules already initialized, skipping
Refreshing native plugins compatible for Editor in 0.94 ms, found 2 plugins.
Preloading 0 native plugins for Editor in 0.00 ms.
Unloading 1779 Unused Serialized files (Serialized files now loaded: 0)
Unloading 12 unused Assets / (31.8 KB). Loaded Objects now: 2267.
Memory consumption went from 75.4 MB to 75.4 MB.
Total: 2.911100 ms (FindLiveObjects: 0.126400 ms CreateObjectMapping: 0.054300 ms MarkObjects: 2.699300 ms  DeleteObjects: 0.029900 ms)

AssetImportParameters requested are different than current active one (requested -> active):
  custom:video-decoder-ogg-theora: a1e56fd34408186e4bbccfd4996cb3dc -> 
  custom:container-muxer-webm: aa71ff27fc2769a1b78a27578f13a17b -> 
  custom:container-demuxer-webm: 4f35f7cbe854078d1ac9338744f61a02 -> 
  custom:video-encoder-webm-vp8: eb34c28f22e8b96e1ab97ce403110664 -> 
  custom:video-codec-MediaFoundation-h265: 746d11721c4dcdbdad8f713fa42b33f4 -> 
  custom:audio-encoder-webm-vorbis: bf7c407c2cedff20999df2af8eb42d56 -> 
  custom:framework-win-MediaFoundation: 216162199b28c13a410421893ffa2e32 -> 
  custom:container-demuxer-ogg: 62fdf1f143b41e24485cea50d1cbac27 -> 
  custom:video-decoder-webm-vp8: 9c59270c3fd7afecdb556c50c9e8de78 -> 
  custom:audio-decoder-ogg-vorbis: bf7c407c2cedff20999df2af8eb42d56 -> 
========================================================================
Received Prepare
Registering precompiled user dll's ...
Registered in 0.002753 seconds.
Begin MonoManager ReloadAssembly
Native extension for WindowsStandalone target not found
Native extension for WebGL target not found
Refreshing native plugins compatible for Editor in 0.43 ms, found 2 plugins.
Preloading 0 native plugins for Editor in 0.00 ms.
Mono: successfully reloaded assembly
- Completed reload, in  0.995 seconds
Domain Reload Profiling:
	ReloadAssembly (996ms)
		BeginReloadAssembly (130ms)
			ExecutionOrderSort (0ms)
			DisableScriptedObjects (7ms)
			BackupInstance (0ms)
			ReleaseScriptingObjects (0ms)
			CreateAndSetChildDomain (33ms)
		EndReloadAssembly (746ms)
			LoadAssemblies (80ms)
			RebuildTransferFunctionScriptingTraits (0ms)
			SetupTypeCache (214ms)
			ReleaseScriptCaches (1ms)
			RebuildScriptCaches (59ms)
			SetupLoadedEditorAssemblies (346ms)
				LogAssemblyErrors (0ms)
				InitializePlatformSupportModulesInManaged (16ms)
				SetLoadedEditorAssemblies (1ms)
				RefreshPlugins (1ms)
				BeforeProcessingInitializeOnLoad (68ms)
				ProcessInitializeOnLoadAttributes (215ms)
				ProcessInitializeOnLoadMethodAttributes (37ms)
				AfterProcessingInitializeOnLoad (8ms)
				EditorAssembliesLoaded (0ms)
			ExecutionOrderSort2 (0ms)
			AwakeInstancesAfterBackupRestoration (6ms)
Platform modules already initialized, skipping
Refreshing native plugins compatible for Editor in 1.20 ms, found 2 plugins.
Preloading 0 native plugins for Editor in 0.00 ms.
Unloading 1778 Unused Serialized files (Serialized files now loaded: 0)
Unloading 12 unused Assets / (31.7 KB). Loaded Objects now: 2270.
Memory consumption went from 75.4 MB to 75.3 MB.
Total: 2.950900 ms (FindLiveObjects: 0.127100 ms CreateObjectMapping: 0.056000 ms MarkObjects: 2.747000 ms  DeleteObjects: 0.019400 ms)

AssetImportParameters requested are different than current active one (requested -> active):
  custom:video-decoder-ogg-theora: a1e56fd34408186e4bbccfd4996cb3dc -> 
  custom:container-muxer-webm: aa71ff27fc2769a1b78a27578f13a17b -> 
  custom:container-demuxer-webm: 4f35f7cbe854078d1ac9338744f61a02 -> 
  custom:video-encoder-webm-vp8: eb34c28f22e8b96e1ab97ce403110664 -> 
  custom:video-codec-MediaFoundation-h265: 746d11721c4dcdbdad8f713fa42b33f4 -> 
  custom:audio-encoder-webm-vorbis: bf7c407c2cedff20999df2af8eb42d56 -> 
  custom:framework-win-MediaFoundation: 216162199b28c13a410421893ffa2e32 -> 
  custom:container-demuxer-ogg: 62fdf1f143b41e24485cea50d1cbac27 -> 
  custom:video-decoder-webm-vp8: 9c59270c3fd7afecdb556c50c9e8de78 -> 
  custom:audio-decoder-ogg-vorbis: bf7c407c2cedff20999df2af8eb42d56 -> 
========================================================================
Received Prepare
Registering precompiled user dll's ...
Registered in 0.001807 seconds.
Begin MonoManager ReloadAssembly
Native extension for WindowsStandalone target not found
Native extension for WebGL target not found
Refreshing native plugins compatible for Editor in 1.00 ms, found 2 plugins.
Preloading 0 native plugins for Editor in 0.00 ms.
Mono: successfully reloaded assembly
- Completed reload, in  1.004 seconds
Domain Reload Profiling:
	ReloadAssembly (1005ms)
		BeginReloadAssembly (123ms)
			ExecutionOrderSort (0ms)
			DisableScriptedObjects (7ms)
			BackupInstance (0ms)
			ReleaseScriptingObjects (0ms)
			CreateAndSetChildDomain (29ms)
		EndReloadAssembly (754ms)
			LoadAssemblies (80ms)
			RebuildTransferFunctionScriptingTraits (0ms)
			SetupTypeCache (215ms)
			ReleaseScriptCaches (1ms)
			RebuildScriptCaches (72ms)
			SetupLoadedEditorAssemblies (333ms)
				LogAssemblyErrors (0ms)
				InitializePlatformSupportModulesInManaged (16ms)
				SetLoadedEditorAssemblies (1ms)
				RefreshPlugins (1ms)
				BeforeProcessingInitializeOnLoad (66ms)
				ProcessInitializeOnLoadAttributes (208ms)
				ProcessInitializeOnLoadMethodAttributes (35ms)
				AfterProcessingInitializeOnLoad (7ms)
				EditorAssembliesLoaded (0ms)
			ExecutionOrderSort2 (0ms)
			AwakeInstancesAfterBackupRestoration (7ms)
Platform modules already initialized, skipping
Refreshing native plugins compatible for Editor in 0.94 ms, found 2 plugins.
Preloading 0 native plugins for Editor in 0.00 ms.
Unloading 1777 Unused Serialized files (Serialized files now loaded: 0)
Unloading 12 unused Assets / (31.8 KB). Loaded Objects now: 2273.
Memory consumption went from 75.4 MB to 75.3 MB.
Total: 2.348000 ms (FindLiveObjects: 0.119700 ms CreateObjectMapping: 0.044700 ms MarkObjects: 2.168100 ms  DeleteObjects: 0.014400 ms)

AssetImportParameters requested are different than current active one (requested -> active):
  custom:video-decoder-ogg-theora: a1e56fd34408186e4bbccfd4996cb3dc -> 
  custom:container-muxer-webm: aa71ff27fc2769a1b78a27578f13a17b -> 
  custom:container-demuxer-webm: 4f35f7cbe854078d1ac9338744f61a02 -> 
  custom:video-encoder-webm-vp8: eb34c28f22e8b96e1ab97ce403110664 -> 
  custom:video-codec-MediaFoundation-h265: 746d11721c4dcdbdad8f713fa42b33f4 -> 
  custom:audio-encoder-webm-vorbis: bf7c407c2cedff20999df2af8eb42d56 -> 
  custom:framework-win-MediaFoundation: 216162199b28c13a410421893ffa2e32 -> 
  custom:container-demuxer-ogg: 62fdf1f143b41e24485cea50d1cbac27 -> 
  custom:video-decoder-webm-vp8: 9c59270c3fd7afecdb556c50c9e8de78 -> 
  custom:audio-decoder-ogg-vorbis: bf7c407c2cedff20999df2af8eb42d56 -> 
========================================================================
Received Prepare
Registering precompiled user dll's ...
Registered in 0.001834 seconds.
Begin MonoManager ReloadAssembly
Native extension for WindowsStandalone target not found
Native extension for WebGL target not found
Refreshing native plugins compatible for Editor in 0.35 ms, found 2 plugins.
Preloading 0 native plugins for Editor in 0.00 ms.
Mono: successfully reloaded assembly
- Completed reload, in  0.959 seconds
Domain Reload Profiling:
	ReloadAssembly (960ms)
		BeginReloadAssembly (122ms)
			ExecutionOrderSort (0ms)
			DisableScriptedObjects (8ms)
			BackupInstance (0ms)
			ReleaseScriptingObjects (0ms)
			CreateAndSetChildDomain (30ms)
		EndReloadAssembly (735ms)
			LoadAssemblies (73ms)
			RebuildTransferFunctionScriptingTraits (0ms)
			SetupTypeCache (245ms)
			ReleaseScriptCaches (1ms)
			RebuildScriptCaches (51ms)
			SetupLoadedEditorAssemblies (325ms)
				LogAssemblyErrors (0ms)
				InitializePlatformSupportModulesInManaged (14ms)
				SetLoadedEditorAssemblies (0ms)
				RefreshPlugins (0ms)
				BeforeProcessingInitializeOnLoad (56ms)
				ProcessInitializeOnLoadAttributes (211ms)
				ProcessInitializeOnLoadMethodAttributes (36ms)
				AfterProcessingInitializeOnLoad (7ms)
				EditorAssembliesLoaded (0ms)
			ExecutionOrderSort2 (0ms)
			AwakeInstancesAfterBackupRestoration (6ms)
Platform modules already initialized, skipping
Refreshing native plugins compatible for Editor in 1.10 ms, found 2 plugins.
Preloading 0 native plugins for Editor in 0.00 ms.
Unloading 1776 Unused Serialized files (Serialized files now loaded: 0)
Unloading 12 unused Assets / (31.8 KB). Loaded Objects now: 2276.
Memory consumption went from 75.3 MB to 75.3 MB.
Total: 2.568300 ms (FindLiveObjects: 0.128400 ms CreateObjectMapping: 0.048900 ms MarkObjects: 2.370800 ms  DeleteObjects: 0.018700 ms)

AssetImportParameters requested are different than current active one (requested -> active):
  custom:video-decoder-ogg-theora: a1e56fd34408186e4bbccfd4996cb3dc -> 
  custom:container-muxer-webm: aa71ff27fc2769a1b78a27578f13a17b -> 
  custom:container-demuxer-webm: 4f35f7cbe854078d1ac9338744f61a02 -> 
  custom:video-encoder-webm-vp8: eb34c28f22e8b96e1ab97ce403110664 -> 
  custom:video-codec-MediaFoundation-h265: 746d11721c4dcdbdad8f713fa42b33f4 -> 
  custom:audio-encoder-webm-vorbis: bf7c407c2cedff20999df2af8eb42d56 -> 
  custom:framework-win-MediaFoundation: 216162199b28c13a410421893ffa2e32 -> 
  custom:container-demuxer-ogg: 62fdf1f143b41e24485cea50d1cbac27 -> 
  custom:video-decoder-webm-vp8: 9c59270c3fd7afecdb556c50c9e8de78 -> 
  custom:audio-decoder-ogg-vorbis: bf7c407c2cedff20999df2af8eb42d56 -> 
========================================================================
Received Prepare
Registering precompiled user dll's ...
Registered in 0.001739 seconds.
Begin MonoManager ReloadAssembly
Native extension for WindowsStandalone target not found
Native extension for WebGL target not found
Refreshing native plugins compatible for Editor in 0.49 ms, found 2 plugins.
Preloading 0 native plugins for Editor in 0.00 ms.
Mono: successfully reloaded assembly
- Completed reload, in  1.177 seconds
Domain Reload Profiling:
	ReloadAssembly (1178ms)
		BeginReloadAssembly (146ms)
			ExecutionOrderSort (0ms)
			DisableScriptedObjects (11ms)
			BackupInstance (0ms)
			ReleaseScriptingObjects (0ms)
			CreateAndSetChildDomain (34ms)
		EndReloadAssembly (931ms)
			LoadAssemblies (89ms)
			RebuildTransferFunctionScriptingTraits (0ms)
			SetupTypeCache (203ms)
			ReleaseScriptCaches (1ms)
			RebuildScriptCaches (57ms)
			SetupLoadedEditorAssemblies (515ms)
				LogAssemblyErrors (0ms)
				InitializePlatformSupportModulesInManaged (23ms)
				SetLoadedEditorAssemblies (1ms)
				RefreshPlugins (1ms)
				BeforeProcessingInitializeOnLoad (59ms)
				ProcessInitializeOnLoadAttributes (344ms)
				ProcessInitializeOnLoadMethodAttributes (69ms)
				AfterProcessingInitializeOnLoad (18ms)
				EditorAssembliesLoaded (1ms)
			ExecutionOrderSort2 (0ms)
			AwakeInstancesAfterBackupRestoration (14ms)
Platform modules already initialized, skipping
Refreshing native plugins compatible for Editor in 2.07 ms, found 2 plugins.
Preloading 0 native plugins for Editor in 0.00 ms.
Unloading 1776 Unused Serialized files (Serialized files now loaded: 0)
Unloading 12 unused Assets / (31.8 KB). Loaded Objects now: 2279.
Memory consumption went from 75.3 MB to 75.3 MB.
Total: 3.954800 ms (FindLiveObjects: 0.191400 ms CreateObjectMapping: 0.261100 ms MarkObjects: 3.471900 ms  DeleteObjects: 0.028900 ms)

AssetImportParameters requested are different than current active one (requested -> active):
  custom:video-decoder-ogg-theora: a1e56fd34408186e4bbccfd4996cb3dc -> 
  custom:container-muxer-webm: aa71ff27fc2769a1b78a27578f13a17b -> 
  custom:container-demuxer-webm: 4f35f7cbe854078d1ac9338744f61a02 -> 
  custom:video-encoder-webm-vp8: eb34c28f22e8b96e1ab97ce403110664 -> 
  custom:video-codec-MediaFoundation-h265: 746d11721c4dcdbdad8f713fa42b33f4 -> 
  custom:audio-encoder-webm-vorbis: bf7c407c2cedff20999df2af8eb42d56 -> 
  custom:framework-win-MediaFoundation: 216162199b28c13a410421893ffa2e32 -> 
  custom:container-demuxer-ogg: 62fdf1f143b41e24485cea50d1cbac27 -> 
  custom:video-decoder-webm-vp8: 9c59270c3fd7afecdb556c50c9e8de78 -> 
  custom:audio-decoder-ogg-vorbis: bf7c407c2cedff20999df2af8eb42d56 -> 
